2015/03/31 23:31:46 [error] [exception.CException] exception 'CException' with message 'Alias "ext.bootstrap.components.Bootstrap" is invalid. Make sure it points to an existing PHP file and the file is readable.' in C:\xampp\htdocs\yii\framework\YiiBase.php:323
Stack trace:
#0 C:\xampp\htdocs\yii\framework\YiiBase.php(196): YiiBase::import('ext.bootstrap.c...', true)
#1 C:\xampp\htdocs\yii\framework\base\CModule.php(393): YiiBase::createComponent(Array)
#2 C:\xampp\htdocs\yii\framework\base\CModule.php(103): CModule->getComponent('bootstrap')
#3 C:\xampp\htdocs\phase4\protected\views\layouts\main.php(5): CModule->__get('bootstrap')
#4 C:\xampp\htdocs\yii\framework\web\CBaseController.php(126): require('C:\xampp\htdocs...')
#5 C:\xampp\htdocs\yii\framework\web\CBaseController.php(95): CBaseController->renderInternal('C:\xampp\htdocs...', Array, true)
#6 C:\xampp\htdocs\yii\framework\web\widgets\CContentDecorator.php(76): CBaseController->renderFile('C:\xampp\htdocs...', Array, true)
#7 C:\xampp\htdocs\yii\framework\web\widgets\CContentDecorator.php(54): CContentDecorator->decorate('<div id="conten...')
#8 C:\xampp\htdocs\yii\framework\web\widgets\COutputProcessor.php(44): CContentDecorator->processOutput('<div id="conten...')
#9 C:\xampp\htdocs\yii\framework\web\CBaseController.php(214): COutputProcessor->run()
#10 C:\xampp\htdocs\yii\framework\web\CBaseController.php(308): CBaseController->endWidget('CContentDecorat...')
#11 C:\xampp\htdocs\phase4\protected\views\layouts\column1.php(6): CBaseController->endContent()
#12 C:\xampp\htdocs\yii\framework\web\CBaseController.php(126): require('C:\xampp\htdocs...')
#13 C:\xampp\htdocs\yii\framework\web\CBaseController.php(95): CBaseController->renderInternal('C:\xampp\htdocs...', Array, true)
#14 C:\xampp\htdocs\yii\framework\web\CController.php(784): CBaseController->renderFile('C:\xampp\htdocs...', Array, true)
#15 C:\xampp\htdocs\phase4\protected\controllers\SiteController.php(32): CController->render('index')
#16 C:\xampp\htdocs\yii\framework\web\actions\CInlineAction.php(49): SiteController->actionIndex()
#17 C:\xampp\htdocs\yii\framework\web\CController.php(308): CInlineAction->runWithParams(Array)
#18 C:\xampp\htdocs\yii\framework\web\CController.php(286): CController->runAction(Object(CInlineAction))
#19 C:\xampp\htdocs\yii\framework\web\CController.php(265): CController->runActionWithFilters(Object(CInlineAction), Array)
#20 C:\xampp\htdocs\yii\framework\web\CWebApplication.php(282): CController->run('')
#21 C:\xampp\htdocs\yii\framework\web\CWebApplication.php(141): CWebApplication->runController('')
#22 C:\xampp\htdocs\yii\framework\base\CApplication.php(184): CWebApplication->processRequest()
#23 C:\xampp\htdocs\phase4\index.php(13): CApplication->run()
#24 {main}
REQUEST_URI=/phase4/
---
2015/03/31 23:37:19 [error] [php] include(BController.php): failed to open stream: No such file or directory (C:\xampp\htdocs\yii\framework\YiiBase.php:432)
Stack trace:
#0 C:\xampp\htdocs\phase4\protected\components\Controller.php(14): spl_autoload_call()
#1 C:\xampp\htdocs\yii\framework\web\CWebApplication.php(281): SiteController->init()
#2 C:\xampp\htdocs\yii\framework\web\CWebApplication.php(141): CWebApplication->runController()
#3 C:\xampp\htdocs\yii\framework\base\CApplication.php(184): CWebApplication->processRequest()
#4 C:\xampp\htdocs\phase4\index.php(13): CWebApplication->run()
REQUEST_URI=/phase4/
in C:\xampp\htdocs\phase4\protected\components\Controller.php (14)
in C:\xampp\htdocs\phase4\index.php (13)
2015/03/31 23:40:17 [error] [exception.CHttpException.404] exception 'CHttpException' with message 'Unable to resolve the request "PostContent/graph".' in C:\xampp\htdocs\yii\framework\web\CWebApplication.php:286
Stack trace:
#0 C:\xampp\htdocs\yii\framework\web\CWebApplication.php(141): CWebApplication->runController('PostContent/gra...')
#1 C:\xampp\htdocs\yii\framework\base\CApplication.php(184): CWebApplication->processRequest()
#2 C:\xampp\htdocs\phase4\index.php(13): CApplication->run()
#3 {main}
REQUEST_URI=/phase4/index.php?r=PostContent/graph
HTTP_REFERER=http://localhost/phase4/
---
2015/03/31 23:40:18 [error] [exception.CHttpException.404] exception 'CHttpException' with message 'The system is unable to find the requested action "post".' in C:\xampp\htdocs\yii\framework\web\CController.php:483
Stack trace:
#0 C:\xampp\htdocs\yii\framework\web\CController.php(270): CController->missingAction('post')
#1 C:\xampp\htdocs\yii\framework\web\CWebApplication.php(282): CController->run('post')
#2 C:\xampp\htdocs\yii\framework\web\CWebApplication.php(141): CWebApplication->runController('site/post')
#3 C:\xampp\htdocs\yii\framework\base\CApplication.php(184): CWebApplication->processRequest()
#4 C:\xampp\htdocs\phase4\index.php(13): CApplication->run()
#5 {main}
REQUEST_URI=/phase4/index.php?r=site/post
HTTP_REFERER=http://localhost/phase4/index.php?r=PostContent/graph
---
2015/03/31 23:40:19 [error] [exception.CHttpException.404] exception 'CHttpException' with message 'Unable to resolve the request "PostContent/graph".' in C:\xampp\htdocs\yii\framework\web\CWebApplication.php:286
Stack trace:
#0 C:\xampp\htdocs\yii\framework\web\CWebApplication.php(141): CWebApplication->runController('PostContent/gra...')
#1 C:\xampp\htdocs\yii\framework\base\CApplication.php(184): CWebApplication->processRequest()
#2 C:\xampp\htdocs\phase4\index.php(13): CApplication->run()
#3 {main}
REQUEST_URI=/phase4/index.php?r=PostContent/graph
HTTP_REFERER=http://localhost/phase4/index.php?r=site/index
---
2015/03/31 23:40:20 [error] [exception.CHttpException.404] exception 'CHttpException' with message 'Unable to resolve the request "user/create".' in C:\xampp\htdocs\yii\framework\web\CWebApplication.php:286
Stack trace:
#0 C:\xampp\htdocs\yii\framework\web\CWebApplication.php(141): CWebApplication->runController('user/create')
#1 C:\xampp\htdocs\yii\framework\base\CApplication.php(184): CWebApplication->processRequest()
#2 C:\xampp\htdocs\phase4\index.php(13): CApplication->run()
#3 {main}
REQUEST_URI=/phase4/index.php?r=user/create
HTTP_REFERER=http://localhost/phase4/index.php?r=PostContent/graph
---
2015/03/31 23:40:21 [error] [exception.CHttpException.404] exception 'CHttpException' with message 'The system is unable to find the requested action "post".' in C:\xampp\htdocs\yii\framework\web\CController.php:483
Stack trace:
#0 C:\xampp\htdocs\yii\framework\web\CController.php(270): CController->missingAction('post')
#1 C:\xampp\htdocs\yii\framework\web\CWebApplication.php(282): CController->run('post')
#2 C:\xampp\htdocs\yii\framework\web\CWebApplication.php(141): CWebApplication->runController('site/post')
#3 C:\xampp\htdocs\yii\framework\base\CApplication.php(184): CWebApplication->processRequest()
#4 C:\xampp\htdocs\phase4\index.php(13): CApplication->run()
#5 {main}
REQUEST_URI=/phase4/index.php?r=site/post
HTTP_REFERER=http://localhost/phase4/index.php?r=user/create
---
2015/03/31 23:40:21 [error] [exception.CHttpException.404] exception 'CHttpException' with message 'Unable to resolve the request "PostContent/graph".' in C:\xampp\htdocs\yii\framework\web\CWebApplication.php:286
Stack trace:
#0 C:\xampp\htdocs\yii\framework\web\CWebApplication.php(141): CWebApplication->runController('PostContent/gra...')
#1 C:\xampp\htdocs\yii\framework\base\CApplication.php(184): CWebApplication->processRequest()
#2 C:\xampp\htdocs\phase4\index.php(13): CApplication->run()
#3 {main}
REQUEST_URI=/phase4/index.php?r=PostContent/graph
HTTP_REFERER=http://localhost/phase4/index.php?r=site/post
---
2015/03/31 23:40:31 [error] [exception.CHttpException.404] exception 'CHttpException' with message 'Unable to resolve the request "PostContent/graph".' in C:\xampp\htdocs\yii\framework\web\CWebApplication.php:286
Stack trace:
#0 C:\xampp\htdocs\yii\framework\web\CWebApplication.php(141): CWebApplication->runController('PostContent/gra...')
#1 C:\xampp\htdocs\yii\framework\base\CApplication.php(184): CWebApplication->processRequest()
#2 C:\xampp\htdocs\phase4\index.php(13): CApplication->run()
#3 {main}
REQUEST_URI=/phase4/index.php?r=PostContent/graph
HTTP_REFERER=http://localhost/phase4/index.php?r=site/index
---
2015/04/01 00:04:13 [error] [php] include(Carousel.php): failed to open stream: No such file or directory (C:\xampp\htdocs\yii\framework\YiiBase.php:432)
Stack trace:
#0 C:\xampp\htdocs\phase4\themes\bootstrap\views\site\index.php(9): spl_autoload_call()
#1 C:\xampp\htdocs\yii\framework\web\CBaseController.php(126): require()
#2 C:\xampp\htdocs\yii\framework\web\CBaseController.php(95): SiteController->renderInternal()
#3 C:\xampp\htdocs\yii\framework\web\CController.php(869): SiteController->renderFile()
#4 C:\xampp\htdocs\yii\framework\web\CController.php(782): SiteController->renderPartial()
#5 C:\xampp\htdocs\phase4\protected\controllers\SiteController.php(32): SiteController->render()
#6 C:\xampp\htdocs\yii\framework\web\actions\CInlineAction.php(49): SiteController->actionIndex()
#7 C:\xampp\htdocs\yii\framework\web\CController.php(308): CInlineAction->runWithParams()
#8 C:\xampp\htdocs\yii\framework\web\CController.php(286): SiteController->runAction()
#9 C:\xampp\htdocs\yii\framework\web\CController.php(265): SiteController->runActionWithFilters()
#10 C:\xampp\htdocs\yii\framework\web\CWebApplication.php(282): SiteController->run()
#11 C:\xampp\htdocs\yii\framework\web\CWebApplication.php(141): CWebApplication->runController()
#12 C:\xampp\htdocs\yii\framework\base\CApplication.php(184): CWebApplication->processRequest()
#13 C:\xampp\htdocs\phase4\index.php(13): CWebApplication->run()
REQUEST_URI=/phase4/index.php?r=site/index
in C:\xampp\htdocs\phase4\themes\bootstrap\views\site\index.php (9)
in C:\xampp\htdocs\phase4\protected\controllers\SiteController.php (32)
in C:\xampp\htdocs\phase4\index.php (13)
2015/04/01 00:25:44 [error] [exception.CHttpException.404] exception 'CHttpException' with message 'Unable to resolve the request "PostContent/graph".' in C:\xampp\htdocs\yii\framework\web\CWebApplication.php:286
Stack trace:
#0 C:\xampp\htdocs\yii\framework\web\CWebApplication.php(141): CWebApplication->runController('PostContent/gra...')
#1 C:\xampp\htdocs\yii\framework\base\CApplication.php(184): CWebApplication->processRequest()
#2 C:\xampp\htdocs\phase4\index.php(13): CApplication->run()
#3 {main}
REQUEST_URI=/phase4/index.php?r=PostContent/graph
HTTP_REFERER=http://localhost/phase4/index.php?r=site/post
---
2015/04/01 00:25:51 [error] [exception.CHttpException.404] exception 'CHttpException' with message 'The system is unable to find the requested action "post".' in C:\xampp\htdocs\yii\framework\web\CController.php:483
Stack trace:
#0 C:\xampp\htdocs\yii\framework\web\CController.php(270): CController->missingAction('post')
#1 C:\xampp\htdocs\yii\framework\web\CWebApplication.php(282): CController->run('post')
#2 C:\xampp\htdocs\yii\framework\web\CWebApplication.php(141): CWebApplication->runController('site/post')
#3 C:\xampp\htdocs\yii\framework\base\CApplication.php(184): CWebApplication->processRequest()
#4 C:\xampp\htdocs\phase4\index.php(13): CApplication->run()
#5 {main}
REQUEST_URI=/phase4/index.php?r=site/post
HTTP_REFERER=http://localhost/phase4/index.php?r=user/create
---
2015/04/01 00:25:52 [error] [exception.CHttpException.404] exception 'CHttpException' with message 'Unable to resolve the request "user/create".' in C:\xampp\htdocs\yii\framework\web\CWebApplication.php:286
Stack trace:
#0 C:\xampp\htdocs\yii\framework\web\CWebApplication.php(141): CWebApplication->runController('user/create')
#1 C:\xampp\htdocs\yii\framework\base\CApplication.php(184): CWebApplication->processRequest()
#2 C:\xampp\htdocs\phase4\index.php(13): CApplication->run()
#3 {main}
REQUEST_URI=/phase4/index.php?r=user/create
HTTP_REFERER=http://localhost/phase4/index.php?r=PostContent/graph
---
2015/04/01 00:25:53 [error] [exception.CHttpException.404] exception 'CHttpException' with message 'Unable to resolve the request "PostContent/graph".' in C:\xampp\htdocs\yii\framework\web\CWebApplication.php:286
Stack trace:
#0 C:\xampp\htdocs\yii\framework\web\CWebApplication.php(141): CWebApplication->runController('PostContent/gra...')
#1 C:\xampp\htdocs\yii\framework\base\CApplication.php(184): CWebApplication->processRequest()
#2 C:\xampp\htdocs\phase4\index.php(13): CApplication->run()
#3 {main}
REQUEST_URI=/phase4/index.php?r=PostContent/graph
HTTP_REFERER=http://localhost/phase4/index.php?r=site/index
---
2015/04/01 00:30:36 [error] [exception.CHttpException.404] exception 'CHttpException' with message 'Unable to resolve the request "PostContent/graph".' in C:\xampp\htdocs\yii\framework\web\CWebApplication.php:286
Stack trace:
#0 C:\xampp\htdocs\yii\framework\web\CWebApplication.php(141): CWebApplication->runController('PostContent/gra...')
#1 C:\xampp\htdocs\yii\framework\base\CApplication.php(184): CWebApplication->processRequest()
#2 C:\xampp\htdocs\phase4\index.php(13): CApplication->run()
#3 {main}
REQUEST_URI=/phase4/index.php?r=PostContent/graph
HTTP_REFERER=http://localhost/phase4/index.php?r=site/index
---
2015/04/01 19:53:28 [error] [exception.CHttpException.404] exception 'CHttpException' with message 'Unable to resolve the request "PostContent/graph".' in C:\xampp\htdocs\yii\framework\web\CWebApplication.php:286
Stack trace:
#0 C:\xampp\htdocs\yii\framework\web\CWebApplication.php(141): CWebApplication->runController('PostContent/gra...')
#1 C:\xampp\htdocs\yii\framework\base\CApplication.php(184): CWebApplication->processRequest()
#2 C:\xampp\htdocs\phase4\index.php(13): CApplication->run()
#3 {main}
REQUEST_URI=/phase4/index.php?r=PostContent/graph
HTTP_REFERER=http://localhost/phase4/index.php?r=site/index
---
2015/04/01 19:53:29 [error] [exception.CHttpException.404] exception 'CHttpException' with message 'The system is unable to find the requested action "post".' in C:\xampp\htdocs\yii\framework\web\CController.php:483
Stack trace:
#0 C:\xampp\htdocs\yii\framework\web\CController.php(270): CController->missingAction('post')
#1 C:\xampp\htdocs\yii\framework\web\CWebApplication.php(282): CController->run('post')
#2 C:\xampp\htdocs\yii\framework\web\CWebApplication.php(141): CWebApplication->runController('site/post')
#3 C:\xampp\htdocs\yii\framework\base\CApplication.php(184): CWebApplication->processRequest()
#4 C:\xampp\htdocs\phase4\index.php(13): CApplication->run()
#5 {main}
REQUEST_URI=/phase4/index.php?r=site/post
HTTP_REFERER=http://localhost/phase4/index.php?r=PostContent/graph
---
2015/04/01 19:53:30 [error] [exception.CHttpException.404] exception 'CHttpException' with message 'Unable to resolve the request "user/create".' in C:\xampp\htdocs\yii\framework\web\CWebApplication.php:286
Stack trace:
#0 C:\xampp\htdocs\yii\framework\web\CWebApplication.php(141): CWebApplication->runController('user/create')
#1 C:\xampp\htdocs\yii\framework\base\CApplication.php(184): CWebApplication->processRequest()
#2 C:\xampp\htdocs\phase4\index.php(13): CApplication->run()
#3 {main}
REQUEST_URI=/phase4/index.php?r=user/create
HTTP_REFERER=http://localhost/phase4/index.php?r=site/post
---
